<?xml version="1.0" encoding="UTF-8"?>
<!-- Generated by org.testng.reporters.JUnitReportReporter -->
<testsuite hostname="DESKTOP-OPSU3GT" failures="0" tests="15" name="test.HomePageComplete" time="247.792" errors="1" timestamp="2023-07-21T12:09:30 IST" skipped="13">
  <testcase classname="test.HomePageComplete" name="launch" time="216.820">
    <error message="Could not start a new session. Response code 500. Message: Could not start a new session. Could not start a new session. Error while creating session with the driver service. Stopping driver service: Timed out waiting for driver process to start.
Build info: version: &#039;4.10.0&#039;, revision: &#039;c14d967899&#039;
System info: os.name: &#039;Windows 10&#039;, os.arch: &#039;amd64&#039;, os.version: &#039;10.0&#039;, java.version: &#039;1.8.0_201&#039;
Driver info: driver.version: unknown 
Host info: host: &#039;DESKTOP-FMUND5I&#039;, ip: &#039;10.129.155.214&#039;
Build info: version: &#039;4.10.0&#039;, revision: &#039;c14d967899&#039;
System info: os.name: &#039;Windows 10&#039;, os.arch: &#039;amd64&#039;, os.version: &#039;10.0&#039;, java.version: &#039;1.8.0_201&#039;
Driver info: driver.version: unknown
Build info: version: &#039;4.10.0&#039;, revision: &#039;c14d967899&#039;
System info: os.name: &#039;Windows 10&#039;, os.arch: &#039;amd64&#039;, os.version: &#039;10.0&#039;, java.version: &#039;20.0.1&#039;
Driver info: driver.version: unknown
Build info: version: &#039;4.10.0&#039;, revision: &#039;c14d967899&#039;
System info: os.name: &#039;Windows 10&#039;, os.arch: &#039;amd64&#039;, os.version: &#039;10.0&#039;, java.version: &#039;20.0.1&#039;
Driver info: org.openqa.selenium.remote.RemoteWebDriver
Command: [null, newSession {capabilities=[Capabilities {browserName: firefox}]}]
Capabilities {browserName: firefox}" type="org.openqa.selenium.SessionNotCreatedException">
      <![CDATA[org.openqa.selenium.SessionNotCreatedException: Could not start a new session. Response code 500. Message: Could not start a new session. Could not start a new session. Error while creating session with the driver service. Stopping driver service: Timed out waiting for driver process to start.
Build info: version: '4.10.0', revision: 'c14d967899'
System info: os.name: 'Windows 10', os.arch: 'amd64', os.version: '10.0', java.version: '1.8.0_201'
Driver info: driver.version: unknown 
Host info: host: 'DESKTOP-FMUND5I', ip: '10.129.155.214'
Build info: version: '4.10.0', revision: 'c14d967899'
System info: os.name: 'Windows 10', os.arch: 'amd64', os.version: '10.0', java.version: '1.8.0_201'
Driver info: driver.version: unknown
Build info: version: '4.10.0', revision: 'c14d967899'
System info: os.name: 'Windows 10', os.arch: 'amd64', os.version: '10.0', java.version: '20.0.1'
Driver info: driver.version: unknown
Build info: version: '4.10.0', revision: 'c14d967899'
System info: os.name: 'Windows 10', os.arch: 'amd64', os.version: '10.0', java.version: '20.0.1'
Driver info: org.openqa.selenium.remote.RemoteWebDriver
Command: [null, newSession {capabilities=[Capabilities {browserName: firefox}]}]
Capabilities {browserName: firefox}
at org.openqa.selenium.remote.ProtocolHandshake.createSession(ProtocolHandshake.java:140)
at org.openqa.selenium.remote.ProtocolHandshake.createSession(ProtocolHandshake.java:96)
at org.openqa.selenium.remote.ProtocolHandshake.createSession(ProtocolHandshake.java:68)
at org.openqa.selenium.remote.HttpCommandExecutor.execute(HttpCommandExecutor.java:163)
at org.openqa.selenium.remote.TracedCommandExecutor.execute(TracedCommandExecutor.java:51)
at org.openqa.selenium.remote.RemoteWebDriver.execute(RemoteWebDriver.java:531)
at org.openqa.selenium.remote.RemoteWebDriver.startSession(RemoteWebDriver.java:227)
at org.openqa.selenium.remote.RemoteWebDriver.<init>(RemoteWebDriver.java:154)
at org.openqa.selenium.remote.RemoteWebDriver.<init>(RemoteWebDriver.java:134)
at test.TestBase.initializeRemoteWebDriver(TestBase.java:17)
at test.HomePageComplete.launch(HomePageComplete.java:35)
at java.base/jdk.internal.reflect.DirectMethodHandleAccessor.invoke(DirectMethodHandleAccessor.java:104)
at java.base/java.lang.reflect.Method.invoke(Method.java:578)
at org.testng.internal.invokers.MethodInvocationHelper.invokeMethod(MethodInvocationHelper.java:139)
at org.testng.internal.invokers.MethodInvocationHelper.invokeMethodConsideringTimeout(MethodInvocationHelper.java:69)
at org.testng.internal.invokers.ConfigInvoker.invokeConfigurationMethod(ConfigInvoker.java:390)
at org.testng.internal.invokers.ConfigInvoker.invokeConfigurations(ConfigInvoker.java:325)
at org.testng.internal.invokers.TestInvoker.runConfigMethods(TestInvoker.java:810)
at org.testng.internal.invokers.TestInvoker.invokeMethod(TestInvoker.java:577)
at org.testng.internal.invokers.TestInvoker.invokeTestMethod(TestInvoker.java:227)
at org.testng.internal.invokers.MethodRunner.runInSequence(MethodRunner.java:50)
at org.testng.internal.invokers.TestInvoker$MethodInvocationAgent.invoke(TestInvoker.java:957)
at org.testng.internal.invokers.TestInvoker.invokeTestMethods(TestInvoker.java:200)
at org.testng.internal.invokers.TestMethodWorker.invokeTestMethods(TestMethodWorker.java:148)
at org.testng.internal.invokers.TestMethodWorker.run(TestMethodWorker.java:128)
at java.base/java.util.concurrent.ThreadPoolExecutor.runWorker(ThreadPoolExecutor.java:1144)
at java.base/java.util.concurrent.ThreadPoolExecutor$Worker.run(ThreadPoolExecutor.java:642)
at java.base/java.lang.Thread.run(Thread.java:1623)
]]>
    </error>
  </testcase> <!-- launch -->
  <testcase classname="test.HomePageComplete" name="HomePage1Title" time="30.969"/>
  <testcase classname="test.HomePageComplete" name="HomePage2Search" time="0.001">
    <skipped/>
  </testcase> <!-- HomePage2Search -->
  <testcase classname="test.HomePageComplete" name="HomePage4GoI" time="0.000">
    <skipped/>
  </testcase> <!-- HomePage4GoI -->
  <testcase classname="test.HomePageComplete" name="HomePage5Skip" time="0.000">
    <skipped/>
  </testcase> <!-- HomePage5Skip -->
  <testcase classname="test.HomePageComplete" name="HomePage6MenuButton" time="0.001">
    <skipped/>
  </testcase> <!-- HomePage6MenuButton -->
  <testcase classname="test.HomePageComplete" name="testImageSlideshow" time="0.000">
    <skipped/>
  </testcase> <!-- testImageSlideshow -->
  <testcase classname="test.HomePageComplete" name="HomePage8testCategorySlider" time="0.000">
    <skipped/>
  </testcase> <!-- HomePage8testCategorySlider -->
  <testcase classname="test.HomePageComplete" name="HomePage9freedomarchives" time="0.000">
    <skipped/>
  </testcase> <!-- HomePage9freedomarchives -->
  <testcase classname="test.HomePageComplete" name="HomePage10didyouknow" time="0.000">
    <skipped/>
  </testcase> <!-- HomePage10didyouknow -->
  <testcase classname="test.HomePageComplete" name="HomePage11testStorySlider" time="0.000">
    <skipped/>
  </testcase> <!-- HomePage11testStorySlider -->
  <testcase classname="test.HomePageComplete" name="externallinks" time="0.000">
    <skipped/>
  </testcase> <!-- externallinks -->
  <testcase classname="test.HomePageComplete" name="testMOCSlider" time="0.000">
    <skipped/>
  </testcase> <!-- testMOCSlider -->
  <testcase classname="test.HomePageComplete" name="HomePage14partners" time="0.001">
    <skipped/>
  </testcase> <!-- HomePage14partners -->
  <testcase classname="test.HomePageComplete" name="footer" time="0.000">
    <skipped/>
  </testcase> <!-- footer -->
</testsuite> <!-- test.HomePageComplete -->
