<?xml version="1.0" encoding="UTF-8"?>
<!-- Generated by org.testng.reporters.JUnitReportReporter -->
<testsuite hostname="DESKTOP-OPSU3GT" failures="1" tests="14" name="test.HomePageComplete2" time="367.679" errors="0" timestamp="2023-07-21T12:09:30 IST" skipped="0">
  <testcase classname="test.HomePageComplete2" name="HomePage1Title" time="16.493"/>
  <testcase classname="test.HomePageComplete2" name="HomePage2Search" time="21.667"/>
  <testcase classname="test.HomePageComplete2" name="HomePage4GoI" time="31.327"/>
  <testcase classname="test.HomePageComplete2" name="HomePage5Skip" time="20.249"/>
  <testcase classname="test.HomePageComplete2" name="HomePage6MenuButton" time="25.042"/>
  <testcase classname="test.HomePageComplete2" name="testImageSlideshow" time="82.186"/>
  <testcase classname="test.HomePageComplete2" name="HomePage8testCategorySlider" time="23.821"/>
  <testcase classname="test.HomePageComplete2" name="HomePage9freedomarchives" time="10.420"/>
  <testcase classname="test.HomePageComplete2" name="HomePage10didyouknow" time="9.428"/>
  <testcase classname="test.HomePageComplete2" name="HomePage11testStorySlider" time="42.151"/>
  <testcase classname="test.HomePageComplete2" name="externallinks" time="16.801"/>
  <testcase classname="test.HomePageComplete2" name="testMOCSlider" time="33.648"/>
  <testcase classname="test.HomePageComplete2" name="HomePage14partners" time="8.361"/>
  <testcase classname="test.HomePageComplete2" name="footer" time="26.085">
    <failure message="Number of links are not matching with the number of urls opened. expected [8] but found [9]" type="java.lang.AssertionError">
      <![CDATA[java.lang.AssertionError: Number of links are not matching with the number of urls opened. expected [8] but found [9]
at org.testng.Assert.fail(Assert.java:111)
at org.testng.Assert.failNotEquals(Assert.java:1578)
at org.testng.Assert.assertEqualsImpl(Assert.java:150)
at org.testng.Assert.assertEquals(Assert.java:132)
at org.testng.Assert.assertEquals(Assert.java:1419)
at org.testng.Assert.assertEquals(Assert.java:1383)
at test.HomePageComplete2.footer(HomePageComplete2.java:577)
at java.base/jdk.internal.reflect.DirectMethodHandleAccessor.invoke(DirectMethodHandleAccessor.java:104)
at java.base/java.lang.reflect.Method.invoke(Method.java:578)
at org.testng.internal.invokers.MethodInvocationHelper.invokeMethod(MethodInvocationHelper.java:139)
at org.testng.internal.invokers.TestInvoker.invokeMethod(TestInvoker.java:664)
at org.testng.internal.invokers.TestInvoker.invokeTestMethod(TestInvoker.java:227)
at org.testng.internal.invokers.MethodRunner.runInSequence(MethodRunner.java:50)
at org.testng.internal.invokers.TestInvoker$MethodInvocationAgent.invoke(TestInvoker.java:957)
at org.testng.internal.invokers.TestInvoker.invokeTestMethods(TestInvoker.java:200)
at org.testng.internal.invokers.TestMethodWorker.invokeTestMethods(TestMethodWorker.java:148)
at org.testng.internal.invokers.TestMethodWorker.run(TestMethodWorker.java:128)
at java.base/java.util.concurrent.ThreadPoolExecutor.runWorker(ThreadPoolExecutor.java:1144)
at java.base/java.util.concurrent.ThreadPoolExecutor$Worker.run(ThreadPoolExecutor.java:642)
at java.base/java.lang.Thread.run(Thread.java:1623)
]]>
    </failure>
  </testcase> <!-- footer -->
</testsuite> <!-- test.HomePageComplete2 -->
